[2026-07-22T16:05:33-03:00] [5d1f1b89063950e1cf0f514b] SQLSTATE[HY000] [1045] Access denied for user 'root'@'localhost' (using password: NO)
#0 C:\Users\villa\OneDrive\Desktop\Sistem3devs\pFreyre\MUTUAL_FREYRE\backend\app\Core\Connection.php(22): PDO->__construct('mysql:host=loca...', 'root', Object(SensitiveParameterValue), Array)
#1 C:\Users\villa\OneDrive\Desktop\Sistem3devs\pFreyre\MUTUAL_FREYRE\backend\app\Modules\Auth\AuthRepository.php(13): App\Core\Connection::get()
#2 C:\Users\villa\OneDrive\Desktop\Sistem3devs\pFreyre\MUTUAL_FREYRE\backend\app\Modules\Auth\AuthRepository.php(58): App\Modules\Auth\AuthRepository->db()
#3 C:\Users\villa\OneDrive\Desktop\Sistem3devs\pFreyre\MUTUAL_FREYRE\backend\app\Modules\Auth\AuthService.php(46): App\Modules\Auth\AuthRepository->recentFailureCount('bruno', 15)
#4 C:\Users\villa\OneDrive\Desktop\Sistem3devs\pFreyre\MUTUAL_FREYRE\backend\app\Modules\Auth\AuthController.php(16): App\Modules\Auth\AuthService->login(Array, '5d1f1b89063950e...')
#5 C:\Users\villa\OneDrive\Desktop\Sistem3devs\pFreyre\MUTUAL_FREYRE\backend\app\Core\Router.php(35): App\Modules\Auth\AuthController->login(Object(App\Core\Request), NULL, '5d1f1b89063950e...')
#6 C:\Users\villa\OneDrive\Desktop\Sistem3devs\pFreyre\MUTUAL_FREYRE\backend\public\index.php(41): App\Core\Router->dispatch(Object(App\Core\Request), '5d1f1b89063950e...')
#7 C:\Users\villa\OneDrive\Desktop\Sistem3devs\pFreyre\MUTUAL_FREYRE\backend\index.php(5): require('C:\\Users\\villa\\...')
#8 {main}
[2026-07-22T16:06:22-03:00] [5b184099e333b909fa4bbcea] SQLSTATE[HY000] [1045] Access denied for user 'root'@'localhost' (using password: NO)
#0 C:\Users\villa\OneDrive\Desktop\Sistem3devs\pFreyre\MUTUAL_FREYRE\backend\app\Core\Connection.php(22): PDO->__construct('mysql:host=loca...', 'root', Object(SensitiveParameterValue), Array)
#1 C:\Users\villa\OneDrive\Desktop\Sistem3devs\pFreyre\MUTUAL_FREYRE\backend\app\Modules\Auth\AuthRepository.php(13): App\Core\Connection::get()
#2 C:\Users\villa\OneDrive\Desktop\Sistem3devs\pFreyre\MUTUAL_FREYRE\backend\app\Modules\Auth\AuthRepository.php(58): App\Modules\Auth\AuthRepository->db()
#3 C:\Users\villa\OneDrive\Desktop\Sistem3devs\pFreyre\MUTUAL_FREYRE\backend\app\Modules\Auth\AuthService.php(46): App\Modules\Auth\AuthRepository->recentFailureCount('bruno', 15)
#4 C:\Users\villa\OneDrive\Desktop\Sistem3devs\pFreyre\MUTUAL_FREYRE\backend\app\Modules\Auth\AuthController.php(16): App\Modules\Auth\AuthService->login(Array, '5b184099e333b90...')
#5 C:\Users\villa\OneDrive\Desktop\Sistem3devs\pFreyre\MUTUAL_FREYRE\backend\app\Core\Router.php(35): App\Modules\Auth\AuthController->login(Object(App\Core\Request), NULL, '5b184099e333b90...')
#6 C:\Users\villa\OneDrive\Desktop\Sistem3devs\pFreyre\MUTUAL_FREYRE\backend\public\index.php(41): App\Core\Router->dispatch(Object(App\Core\Request), '5b184099e333b90...')
#7 C:\Users\villa\OneDrive\Desktop\Sistem3devs\pFreyre\MUTUAL_FREYRE\backend\index.php(5): require('C:\\Users\\villa\\...')
#8 {main}
[2026-07-22T16:06:23-03:00] [98d174e741d7a57ec739b49f] SQLSTATE[HY000] [1045] Access denied for user 'root'@'localhost' (using password: NO)
#0 C:\Users\villa\OneDrive\Desktop\Sistem3devs\pFreyre\MUTUAL_FREYRE\backend\app\Core\Connection.php(22): PDO->__construct('mysql:host=loca...', 'root', Object(SensitiveParameterValue), Array)
#1 C:\Users\villa\OneDrive\Desktop\Sistem3devs\pFreyre\MUTUAL_FREYRE\backend\app\Modules\Auth\AuthRepository.php(13): App\Core\Connection::get()
#2 C:\Users\villa\OneDrive\Desktop\Sistem3devs\pFreyre\MUTUAL_FREYRE\backend\app\Modules\Auth\AuthRepository.php(58): App\Modules\Auth\AuthRepository->db()
#3 C:\Users\villa\OneDrive\Desktop\Sistem3devs\pFreyre\MUTUAL_FREYRE\backend\app\Modules\Auth\AuthService.php(46): App\Modules\Auth\AuthRepository->recentFailureCount('bruno', 15)
#4 C:\Users\villa\OneDrive\Desktop\Sistem3devs\pFreyre\MUTUAL_FREYRE\backend\app\Modules\Auth\AuthController.php(16): App\Modules\Auth\AuthService->login(Array, '98d174e741d7a57...')
#5 C:\Users\villa\OneDrive\Desktop\Sistem3devs\pFreyre\MUTUAL_FREYRE\backend\app\Core\Router.php(35): App\Modules\Auth\AuthController->login(Object(App\Core\Request), NULL, '98d174e741d7a57...')
#6 C:\Users\villa\OneDrive\Desktop\Sistem3devs\pFreyre\MUTUAL_FREYRE\backend\public\index.php(41): App\Core\Router->dispatch(Object(App\Core\Request), '98d174e741d7a57...')
#7 C:\Users\villa\OneDrive\Desktop\Sistem3devs\pFreyre\MUTUAL_FREYRE\backend\index.php(5): require('C:\\Users\\villa\\...')
#8 {main}
[2026-07-22T16:06:23-03:00] [899854fe0bcb46bc09e93a31] SQLSTATE[HY000] [1045] Access denied for user 'root'@'localhost' (using password: NO)
#0 C:\Users\villa\OneDrive\Desktop\Sistem3devs\pFreyre\MUTUAL_FREYRE\backend\app\Core\Connection.php(22): PDO->__construct('mysql:host=loca...', 'root', Object(SensitiveParameterValue), Array)
#1 C:\Users\villa\OneDrive\Desktop\Sistem3devs\pFreyre\MUTUAL_FREYRE\backend\app\Modules\Auth\AuthRepository.php(13): App\Core\Connection::get()
#2 C:\Users\villa\OneDrive\Desktop\Sistem3devs\pFreyre\MUTUAL_FREYRE\backend\app\Modules\Auth\AuthRepository.php(58): App\Modules\Auth\AuthRepository->db()
#3 C:\Users\villa\OneDrive\Desktop\Sistem3devs\pFreyre\MUTUAL_FREYRE\backend\app\Modules\Auth\AuthService.php(46): App\Modules\Auth\AuthRepository->recentFailureCount('bruno', 15)
#4 C:\Users\villa\OneDrive\Desktop\Sistem3devs\pFreyre\MUTUAL_FREYRE\backend\app\Modules\Auth\AuthController.php(16): App\Modules\Auth\AuthService->login(Array, '899854fe0bcb46b...')
#5 C:\Users\villa\OneDrive\Desktop\Sistem3devs\pFreyre\MUTUAL_FREYRE\backend\app\Core\Router.php(35): App\Modules\Auth\AuthController->login(Object(App\Core\Request), NULL, '899854fe0bcb46b...')
#6 C:\Users\villa\OneDrive\Desktop\Sistem3devs\pFreyre\MUTUAL_FREYRE\backend\public\index.php(41): App\Core\Router->dispatch(Object(App\Core\Request), '899854fe0bcb46b...')
#7 C:\Users\villa\OneDrive\Desktop\Sistem3devs\pFreyre\MUTUAL_FREYRE\backend\index.php(5): require('C:\\Users\\villa\\...')
#8 {main}
[2026-07-22T16:06:23-03:00] [669f1553f92b143f34a43c21] SQLSTATE[HY000] [1045] Access denied for user 'root'@'localhost' (using password: NO)
#0 C:\Users\villa\OneDrive\Desktop\Sistem3devs\pFreyre\MUTUAL_FREYRE\backend\app\Core\Connection.php(22): PDO->__construct('mysql:host=loca...', 'root', Object(SensitiveParameterValue), Array)
#1 C:\Users\villa\OneDrive\Desktop\Sistem3devs\pFreyre\MUTUAL_FREYRE\backend\app\Modules\Auth\AuthRepository.php(13): App\Core\Connection::get()
#2 C:\Users\villa\OneDrive\Desktop\Sistem3devs\pFreyre\MUTUAL_FREYRE\backend\app\Modules\Auth\AuthRepository.php(58): App\Modules\Auth\AuthRepository->db()
#3 C:\Users\villa\OneDrive\Desktop\Sistem3devs\pFreyre\MUTUAL_FREYRE\backend\app\Modules\Auth\AuthService.php(46): App\Modules\Auth\AuthRepository->recentFailureCount('bruno', 15)
#4 C:\Users\villa\OneDrive\Desktop\Sistem3devs\pFreyre\MUTUAL_FREYRE\backend\app\Modules\Auth\AuthController.php(16): App\Modules\Auth\AuthService->login(Array, '669f1553f92b143...')
#5 C:\Users\villa\OneDrive\Desktop\Sistem3devs\pFreyre\MUTUAL_FREYRE\backend\app\Core\Router.php(35): App\Modules\Auth\AuthController->login(Object(App\Core\Request), NULL, '669f1553f92b143...')
#6 C:\Users\villa\OneDrive\Desktop\Sistem3devs\pFreyre\MUTUAL_FREYRE\backend\public\index.php(41): App\Core\Router->dispatch(Object(App\Core\Request), '669f1553f92b143...')
#7 C:\Users\villa\OneDrive\Desktop\Sistem3devs\pFreyre\MUTUAL_FREYRE\backend\index.php(5): require('C:\\Users\\villa\\...')
#8 {main}
[2026-07-22T16:06:23-03:00] [a3dc61e4eeaf1535bc395113] SQLSTATE[HY000] [1045] Access denied for user 'root'@'localhost' (using password: NO)
#0 C:\Users\villa\OneDrive\Desktop\Sistem3devs\pFreyre\MUTUAL_FREYRE\backend\app\Core\Connection.php(22): PDO->__construct('mysql:host=loca...', 'root', Object(SensitiveParameterValue), Array)
#1 C:\Users\villa\OneDrive\Desktop\Sistem3devs\pFreyre\MUTUAL_FREYRE\backend\app\Modules\Auth\AuthRepository.php(13): App\Core\Connection::get()
#2 C:\Users\villa\OneDrive\Desktop\Sistem3devs\pFreyre\MUTUAL_FREYRE\backend\app\Modules\Auth\AuthRepository.php(58): App\Modules\Auth\AuthRepository->db()
#3 C:\Users\villa\OneDrive\Desktop\Sistem3devs\pFreyre\MUTUAL_FREYRE\backend\app\Modules\Auth\AuthService.php(46): App\Modules\Auth\AuthRepository->recentFailureCount('bruno', 15)
#4 C:\Users\villa\OneDrive\Desktop\Sistem3devs\pFreyre\MUTUAL_FREYRE\backend\app\Modules\Auth\AuthController.php(16): App\Modules\Auth\AuthService->login(Array, 'a3dc61e4eeaf153...')
#5 C:\Users\villa\OneDrive\Desktop\Sistem3devs\pFreyre\MUTUAL_FREYRE\backend\app\Core\Router.php(35): App\Modules\Auth\AuthController->login(Object(App\Core\Request), NULL, 'a3dc61e4eeaf153...')
#6 C:\Users\villa\OneDrive\Desktop\Sistem3devs\pFreyre\MUTUAL_FREYRE\backend\public\index.php(41): App\Core\Router->dispatch(Object(App\Core\Request), 'a3dc61e4eeaf153...')
#7 C:\Users\villa\OneDrive\Desktop\Sistem3devs\pFreyre\MUTUAL_FREYRE\backend\index.php(5): require('C:\\Users\\villa\\...')
#8 {main}
[2026-07-22T16:06:24-03:00] [6045a307ccb3962154213d6e] SQLSTATE[HY000] [1045] Access denied for user 'root'@'localhost' (using password: NO)
#0 C:\Users\villa\OneDrive\Desktop\Sistem3devs\pFreyre\MUTUAL_FREYRE\backend\app\Core\Connection.php(22): PDO->__construct('mysql:host=loca...', 'root', Object(SensitiveParameterValue), Array)
#1 C:\Users\villa\OneDrive\Desktop\Sistem3devs\pFreyre\MUTUAL_FREYRE\backend\app\Modules\Auth\AuthRepository.php(13): App\Core\Connection::get()
#2 C:\Users\villa\OneDrive\Desktop\Sistem3devs\pFreyre\MUTUAL_FREYRE\backend\app\Modules\Auth\AuthRepository.php(58): App\Modules\Auth\AuthRepository->db()
#3 C:\Users\villa\OneDrive\Desktop\Sistem3devs\pFreyre\MUTUAL_FREYRE\backend\app\Modules\Auth\AuthService.php(46): App\Modules\Auth\AuthRepository->recentFailureCount('bruno', 15)
#4 C:\Users\villa\OneDrive\Desktop\Sistem3devs\pFreyre\MUTUAL_FREYRE\backend\app\Modules\Auth\AuthController.php(16): App\Modules\Auth\AuthService->login(Array, '6045a307ccb3962...')
#5 C:\Users\villa\OneDrive\Desktop\Sistem3devs\pFreyre\MUTUAL_FREYRE\backend\app\Core\Router.php(35): App\Modules\Auth\AuthController->login(Object(App\Core\Request), NULL, '6045a307ccb3962...')
#6 C:\Users\villa\OneDrive\Desktop\Sistem3devs\pFreyre\MUTUAL_FREYRE\backend\public\index.php(41): App\Core\Router->dispatch(Object(App\Core\Request), '6045a307ccb3962...')
#7 C:\Users\villa\OneDrive\Desktop\Sistem3devs\pFreyre\MUTUAL_FREYRE\backend\index.php(5): require('C:\\Users\\villa\\...')
#8 {main}
[2026-07-22T16:06:41-03:00] [93c9a8eccf7e52887a7b0068] SQLSTATE[HY000] [1045] Access denied for user 'root'@'localhost' (using password: NO)
#0 C:\Users\villa\OneDrive\Desktop\Sistem3devs\pFreyre\MUTUAL_FREYRE\backend\app\Core\Connection.php(22): PDO->__construct('mysql:host=loca...', 'root', Object(SensitiveParameterValue), Array)
#1 C:\Users\villa\OneDrive\Desktop\Sistem3devs\pFreyre\MUTUAL_FREYRE\backend\app\Modules\Auth\AuthRepository.php(13): App\Core\Connection::get()
#2 C:\Users\villa\OneDrive\Desktop\Sistem3devs\pFreyre\MUTUAL_FREYRE\backend\app\Modules\Auth\AuthRepository.php(58): App\Modules\Auth\AuthRepository->db()
#3 C:\Users\villa\OneDrive\Desktop\Sistem3devs\pFreyre\MUTUAL_FREYRE\backend\app\Modules\Auth\AuthService.php(46): App\Modules\Auth\AuthRepository->recentFailureCount('bruno', 15)
#4 C:\Users\villa\OneDrive\Desktop\Sistem3devs\pFreyre\MUTUAL_FREYRE\backend\app\Modules\Auth\AuthController.php(16): App\Modules\Auth\AuthService->login(Array, '93c9a8eccf7e528...')
#5 C:\Users\villa\OneDrive\Desktop\Sistem3devs\pFreyre\MUTUAL_FREYRE\backend\app\Core\Router.php(35): App\Modules\Auth\AuthController->login(Object(App\Core\Request), NULL, '93c9a8eccf7e528...')
#6 C:\Users\villa\OneDrive\Desktop\Sistem3devs\pFreyre\MUTUAL_FREYRE\backend\public\index.php(41): App\Core\Router->dispatch(Object(App\Core\Request), '93c9a8eccf7e528...')
#7 C:\Users\villa\OneDrive\Desktop\Sistem3devs\pFreyre\MUTUAL_FREYRE\backend\index.php(5): require('C:\\Users\\villa\\...')
#8 {main}
[2026-07-22T16:07:36-03:00] [c909a91d6621ec53a29bb46b] SQLSTATE[HY000] [1045] Access denied for user 'root'@'localhost' (using password: NO)
#0 C:\Users\villa\OneDrive\Desktop\Sistem3devs\pFreyre\MUTUAL_FREYRE\backend\app\Core\Connection.php(22): PDO->__construct('mysql:host=loca...', 'root', Object(SensitiveParameterValue), Array)
#1 C:\Users\villa\OneDrive\Desktop\Sistem3devs\pFreyre\MUTUAL_FREYRE\backend\app\Modules\Auth\AuthRepository.php(13): App\Core\Connection::get()
#2 C:\Users\villa\OneDrive\Desktop\Sistem3devs\pFreyre\MUTUAL_FREYRE\backend\app\Modules\Auth\AuthRepository.php(58): App\Modules\Auth\AuthRepository->db()
#3 C:\Users\villa\OneDrive\Desktop\Sistem3devs\pFreyre\MUTUAL_FREYRE\backend\app\Modules\Auth\AuthService.php(46): App\Modules\Auth\AuthRepository->recentFailureCount('bruno', 15)
#4 C:\Users\villa\OneDrive\Desktop\Sistem3devs\pFreyre\MUTUAL_FREYRE\backend\app\Modules\Auth\AuthController.php(16): App\Modules\Auth\AuthService->login(Array, 'c909a91d6621ec5...')
#5 C:\Users\villa\OneDrive\Desktop\Sistem3devs\pFreyre\MUTUAL_FREYRE\backend\app\Core\Router.php(35): App\Modules\Auth\AuthController->login(Object(App\Core\Request), NULL, 'c909a91d6621ec5...')
#6 C:\Users\villa\OneDrive\Desktop\Sistem3devs\pFreyre\MUTUAL_FREYRE\backend\public\index.php(41): App\Core\Router->dispatch(Object(App\Core\Request), 'c909a91d6621ec5...')
#7 C:\Users\villa\OneDrive\Desktop\Sistem3devs\pFreyre\MUTUAL_FREYRE\backend\index.php(5): require('C:\\Users\\villa\\...')
#8 {main}
[2026-07-22T16:07:37-03:00] [1e5c60020d5c70fd93047894] SQLSTATE[HY000] [1045] Access denied for user 'root'@'localhost' (using password: NO)
#0 C:\Users\villa\OneDrive\Desktop\Sistem3devs\pFreyre\MUTUAL_FREYRE\backend\app\Core\Connection.php(22): PDO->__construct('mysql:host=loca...', 'root', Object(SensitiveParameterValue), Array)
#1 C:\Users\villa\OneDrive\Desktop\Sistem3devs\pFreyre\MUTUAL_FREYRE\backend\app\Modules\Auth\AuthRepository.php(13): App\Core\Connection::get()
#2 C:\Users\villa\OneDrive\Desktop\Sistem3devs\pFreyre\MUTUAL_FREYRE\backend\app\Modules\Auth\AuthRepository.php(58): App\Modules\Auth\AuthRepository->db()
#3 C:\Users\villa\OneDrive\Desktop\Sistem3devs\pFreyre\MUTUAL_FREYRE\backend\app\Modules\Auth\AuthService.php(46): App\Modules\Auth\AuthRepository->recentFailureCount('bruno', 15)
#4 C:\Users\villa\OneDrive\Desktop\Sistem3devs\pFreyre\MUTUAL_FREYRE\backend\app\Modules\Auth\AuthController.php(16): App\Modules\Auth\AuthService->login(Array, '1e5c60020d5c70f...')
#5 C:\Users\villa\OneDrive\Desktop\Sistem3devs\pFreyre\MUTUAL_FREYRE\backend\app\Core\Router.php(35): App\Modules\Auth\AuthController->login(Object(App\Core\Request), NULL, '1e5c60020d5c70f...')
#6 C:\Users\villa\OneDrive\Desktop\Sistem3devs\pFreyre\MUTUAL_FREYRE\backend\public\index.php(41): App\Core\Router->dispatch(Object(App\Core\Request), '1e5c60020d5c70f...')
#7 C:\Users\villa\OneDrive\Desktop\Sistem3devs\pFreyre\MUTUAL_FREYRE\backend\index.php(5): require('C:\\Users\\villa\\...')
#8 {main}
[2026-07-22T20:30:04-03:00] [cb729a67043492d4faf13bfe] SQLSTATE[42S02]: Base table or view not found: 1146 Table 'mutual_freyre.sesiones' doesn't exist
#0 C:\Users\USER\Desktop\MUTUAL_FREYRE\backend\app\Modules\Auth\AuthRepository.php(134): PDO->prepare('SELECT s.id_ses...')
#1 C:\Users\USER\Desktop\MUTUAL_FREYRE\backend\app\Modules\Auth\AuthService.php(148): App\Modules\Auth\AuthRepository->findActiveSession('e14b71afe32eff6...')
#2 C:\Users\USER\Desktop\MUTUAL_FREYRE\backend\app\Core\Router.php(29): App\Modules\Auth\AuthService->authenticate(Object(App\Core\Request))
#3 C:\Users\USER\Desktop\MUTUAL_FREYRE\backend\public\index.php(41): App\Core\Router->dispatch(Object(App\Core\Request), 'cb729a67043492d...')
#4 C:\Users\USER\Desktop\MUTUAL_FREYRE\backend\index.php(5): require('C:\\Users\\USER\\D...')
#5 {main}
[2026-07-22T20:30:20-03:00] [9144e79c57afe2e45d7fe4f3] SQLSTATE[42S02]: Base table or view not found: 1146 Table 'mutual_freyre.sesiones' doesn't exist
#0 C:\Users\USER\Desktop\MUTUAL_FREYRE\backend\app\Modules\Auth\AuthRepository.php(134): PDO->prepare('SELECT s.id_ses...')
#1 C:\Users\USER\Desktop\MUTUAL_FREYRE\backend\app\Modules\Auth\AuthService.php(148): App\Modules\Auth\AuthRepository->findActiveSession('e14b71afe32eff6...')
#2 C:\Users\USER\Desktop\MUTUAL_FREYRE\backend\app\Core\Router.php(29): App\Modules\Auth\AuthService->authenticate(Object(App\Core\Request))
#3 C:\Users\USER\Desktop\MUTUAL_FREYRE\backend\public\index.php(41): App\Core\Router->dispatch(Object(App\Core\Request), '9144e79c57afe2e...')
#4 C:\Users\USER\Desktop\MUTUAL_FREYRE\backend\index.php(5): require('C:\\Users\\USER\\D...')
#5 {main}
[2026-07-22T21:26:00-03:00] [ac6a4463e34d61ca28104e70] SQLSTATE[42S02]: Base table or view not found: 1146 Table 'mutual_freyre.sis_login_intentos' doesn't exist
#0 C:\Users\villa\OneDrive\Desktop\Sistem3devs\pFreyre\MUTUAL_FREYRE\backend\app\Modules\Auth\AuthRepository.php(58): PDO->prepare('SELECT COUNT(*)...')
#1 C:\Users\villa\OneDrive\Desktop\Sistem3devs\pFreyre\MUTUAL_FREYRE\backend\app\Modules\Auth\AuthService.php(46): App\Modules\Auth\AuthRepository->recentFailureCount('bruno', 15)
#2 C:\Users\villa\OneDrive\Desktop\Sistem3devs\pFreyre\MUTUAL_FREYRE\backend\app\Modules\Auth\AuthController.php(16): App\Modules\Auth\AuthService->login(Array, 'ac6a4463e34d61c...')
#3 C:\Users\villa\OneDrive\Desktop\Sistem3devs\pFreyre\MUTUAL_FREYRE\backend\app\Core\Router.php(35): App\Modules\Auth\AuthController->login(Object(App\Core\Request), NULL, 'ac6a4463e34d61c...')
#4 C:\Users\villa\OneDrive\Desktop\Sistem3devs\pFreyre\MUTUAL_FREYRE\backend\public\index.php(41): App\Core\Router->dispatch(Object(App\Core\Request), 'ac6a4463e34d61c...')
#5 C:\Users\villa\OneDrive\Desktop\Sistem3devs\pFreyre\MUTUAL_FREYRE\backend\index.php(5): require('C:\\Users\\villa\\...')
#6 {main}
[2026-07-22T21:26:02-03:00] [1cbf6d2d0d33bad5ff054892] SQLSTATE[42S02]: Base table or view not found: 1146 Table 'mutual_freyre.sis_login_intentos' doesn't exist
#0 C:\Users\villa\OneDrive\Desktop\Sistem3devs\pFreyre\MUTUAL_FREYRE\backend\app\Modules\Auth\AuthRepository.php(58): PDO->prepare('SELECT COUNT(*)...')
#1 C:\Users\villa\OneDrive\Desktop\Sistem3devs\pFreyre\MUTUAL_FREYRE\backend\app\Modules\Auth\AuthService.php(46): App\Modules\Auth\AuthRepository->recentFailureCount('bruno', 15)
#2 C:\Users\villa\OneDrive\Desktop\Sistem3devs\pFreyre\MUTUAL_FREYRE\backend\app\Modules\Auth\AuthController.php(16): App\Modules\Auth\AuthService->login(Array, '1cbf6d2d0d33bad...')
#3 C:\Users\villa\OneDrive\Desktop\Sistem3devs\pFreyre\MUTUAL_FREYRE\backend\app\Core\Router.php(35): App\Modules\Auth\AuthController->login(Object(App\Core\Request), NULL, '1cbf6d2d0d33bad...')
#4 C:\Users\villa\OneDrive\Desktop\Sistem3devs\pFreyre\MUTUAL_FREYRE\backend\public\index.php(41): App\Core\Router->dispatch(Object(App\Core\Request), '1cbf6d2d0d33bad...')
#5 C:\Users\villa\OneDrive\Desktop\Sistem3devs\pFreyre\MUTUAL_FREYRE\backend\index.php(5): require('C:\\Users\\villa\\...')
#6 {main}
[2026-07-22T21:28:40-03:00] [be9ec78f9987afa820ba043d] SQLSTATE[42S02]: Base table or view not found: 1146 Table 'mutual_freyre.sis_login_intentos' doesn't exist
#0 C:\Users\villa\OneDrive\Desktop\Sistem3devs\pFreyre\MUTUAL_FREYRE\backend\app\Modules\Auth\AuthRepository.php(58): PDO->prepare('SELECT COUNT(*)...')
#1 C:\Users\villa\OneDrive\Desktop\Sistem3devs\pFreyre\MUTUAL_FREYRE\backend\app\Modules\Auth\AuthService.php(46): App\Modules\Auth\AuthRepository->recentFailureCount('bruno', 15)
#2 C:\Users\villa\OneDrive\Desktop\Sistem3devs\pFreyre\MUTUAL_FREYRE\backend\app\Modules\Auth\AuthController.php(16): App\Modules\Auth\AuthService->login(Array, 'be9ec78f9987afa...')
#3 C:\Users\villa\OneDrive\Desktop\Sistem3devs\pFreyre\MUTUAL_FREYRE\backend\app\Core\Router.php(35): App\Modules\Auth\AuthController->login(Object(App\Core\Request), NULL, 'be9ec78f9987afa...')
#4 C:\Users\villa\OneDrive\Desktop\Sistem3devs\pFreyre\MUTUAL_FREYRE\backend\public\index.php(41): App\Core\Router->dispatch(Object(App\Core\Request), 'be9ec78f9987afa...')
#5 C:\Users\villa\OneDrive\Desktop\Sistem3devs\pFreyre\MUTUAL_FREYRE\backend\index.php(5): require('C:\\Users\\villa\\...')
#6 {main}
